1705939539642	geckodriver	INFO	Listening on 127.0.0.1:50890
1705939542649	mozrunner::runner	INFO	Running command: "C:\\Program Files\\Mozilla Firefox\\firefox.exe" "--marionette" "--remote-debugging-port" "50891" "--remote-allow-hosts" "localhost" "-no-remote" "-profile" "C:\\Users\\HSIAOS~1\\AppData\\Local\\Temp\\rust_mozprofilekZtOqv"
console.warn: services.settings: Ignoring preference override of remote settings server
console.warn: services.settings: Allow by setting MOZ_REMOTE_SETTINGS_DEVTOOLS=1 in the environment
1705939543062	Marionette	INFO	Marionette enabled
Dynamically enable window occlusion 0
1705939543167	Marionette	INFO	Listening on port 50961
WebDriver BiDi listening on ws://127.0.0.1:50891
Read port: 50961
1705939543311	RemoteAgent	WARN	TLS certificate errors will be ignored for this session
DevTools listening on ws://127.0.0.1:50891/devtools/browser/8cf77900-5164-4839-a243-b367e5761df6
console.warn: LoginRecipes: "Falling back to a synchronous message for: https://dictionary.cambridge.org."
JavaScript warning: https://gum.criteo.com/syncframe?origin=publishertagids&topUrl=dictionary.cambridge.org#{%22lwid%22:{%22origin%22:0},%22bundle%22:{%22origin%22:0},%22optout%22:{%22value%22:false,%22origin%22:0},%22tld%22:%22cambridge.org%22,%22topUrl%22:%22dictionary.cambridge.org%22,%22version%22:149,%22cw%22:true,%22lsw%22:true,%22origin%22:%22publishertagids%22,%22requestId%22:%220.04873182452115332%22}, line 13: Script terminated by timeout at:
r.prototype.flushEventQueue@https://gum.criteo.com/syncframe?origin=publishertagids&topUrl=dictionary.cambridge.org#{%22lwid%22:{%22origin%22:0},%22bundle%22:{%22origin%22:0},%22optout%22:{%22value%22:false,%22origin%22:0},%22tld%22:%22cambridge.org%22,%22topUrl%22:%22dictionary.cambridge.org%22,%22version%22:149,%22cw%22:true,%22lsw%22:true,%22origin%22:%22publishertagids%22,%22requestId%22:%220.04873182452115332%22}:13:3137
r/<@https://gum.criteo.com/syncframe?origin=publishertagids&topUrl=dictionary.cambridge.org#{%22lwid%22:{%22origin%22:0},%22bundle%22:{%22origin%22:0},%22optout%22:{%22value%22:false,%22origin%22:0},%22tld%22:%22cambridge.org%22,%22topUrl%22:%22dictionary.cambridge.org%22,%22version%22:149,%22cw%22:true,%22lsw%22:true,%22origin%22:%22publishertagids%22,%22requestId%22:%220.04873182452115332%22}:13:3642

JavaScript warning: https://pagead2.googlesyndication.com/bg/IHSjRKKj3q_1Pt3c2sGWHmUCy_Bw5n5yhKh9CWyZSw4.js line 2 > eval line 3595 > eval line 1 > eval line 1 > eval, line 1: WEBGL_debug_renderer_info is deprecated in Firefox and will be removed. Please use RENDERER.
JavaScript warning: https://www.googletagmanager.com/gtag/js?id=G-L9GCR21SZ7, line 538: Script terminated by timeout at:
aa.wh@https://www.googletagmanager.com/gtag/js?id=G-L9GCR21SZ7:538:89
get@https://www.googletagmanager.com/gtag/js?id=G-L9GCR21SZ7:536:119
stop@https://www.googletagmanager.com/gtag/js?id=G-L9GCR21SZ7:536:87
aa.Pk/c/<@https://www.googletagmanager.com/gtag/js?id=G-L9GCR21SZ7:536:412

JavaScript error: , line 0: TypeError: NetworkError when attempting to fetch resource.
console.warn: LoginRecipes: "Falling back to a synchronous message for: https://www.google.com.tw."
1705939573198	addons.xpi	ERROR	System addon update list error SyntaxError: XMLHttpRequest.open: 'http://%(server)s/dummy-system-addons.xml' is not a valid URL.
console.warn: LoginRecipes: "Falling back to a synchronous message for: https://dictionary.cambridge.org."
JavaScript warning: https://www.googletagmanager.com/gtag/js?id=G-L9GCR21SZ7, line 536: Script terminated by timeout at:
stop@https://www.googletagmanager.com/gtag/js?id=G-L9GCR21SZ7:536:87
aa.Pk/c/<@https://www.googletagmanager.com/gtag/js?id=G-L9GCR21SZ7:536:412

console.warn: LoginRecipes: "Falling back to a synchronous message for: https://www.google.com.tw."
console.warn: LoginRecipes: "Falling back to a synchronous message for: https://dictionary.cambridge.org."
JavaScript warning: https://gum.criteo.com/syncframe?origin=publishertag&topUrl=dictionary.cambridge.org#{%22uid%22:{%22origin%22:0},%22lwid%22:{%22origin%22:0},%22bundle%22:{%22value%22:%22F48LQV9MdUhXNFloSnZYOWdZJTJCWHIwSTVONDN6S3ZJVlJRTmwyNXhIMllkN2FwUXFTRVNwcjNOcDdSJTJCMmVRdGJ4R0JSZTkzbUR5OTROc3hicVJHV0p3JTJGMEhCVm5UWXlNViUyQkl0JTJGakpwMEolMkZFVmlkZDJ3eHRBSVNrUXUlMkYyYndIQiUyQkFjM3FSZmkyU3hEMXUyWUZvazhyYmNHMW5TSE1PUUlOUjZGZ0JtWk5scmJXJTJCdlJwNnAxa2c1T29tVzUlMkYzNDNyVHFBSw%22,%22origin%22:3},%22optout%22:{%22value%22:false,%22origin%22:0},%22sid%22:{%22origin%22:0},%22tld%22:%22cambridge.org%22,%22topUrl%22:%22dictionary.cambridge.org%22,%22version%22:144,%22cw%22:true,%22lsw%22:true,%22origin%22:%22publishertag%22,%22requestId%22:%220.717790465682964%22}, line 13: Script terminated by timeout at:
r.prototype.flushEventQueue@https://gum.criteo.com/syncframe?origin=publishertag&topUrl=dictionary.cambridge.org#{%22uid%22:{%22origin%22:0},%22lwid%22:{%22origin%22:0},%22bundle%22:{%22value%22:%22F48LQV9MdUhXNFloSnZYOWdZJTJCWHIwSTVONDN6S3ZJVlJRTmwyNXhIMllkN2FwUXFTRVNwcjNOcDdSJTJCMmVRdGJ4R0JSZTkzbUR5OTROc3hicVJHV0p3JTJGMEhCVm5UWXlNViUyQkl0JTJGakpwMEolMkZFVmlkZDJ3eHRBSVNrUXUlMkYyYndIQiUyQkFjM3FSZmkyU3hEMXUyWUZvazhyYmNHMW5TSE1PUUlOUjZGZ0JtWk5scmJXJTJCdlJwNnAxa2c1T29tVzUlMkYzNDNyVHFBSw%22,%22origin%22:3},%22optout%22:{%22value%22:false,%22origin%22:0},%22sid%22:{%22origin%22:0},%22tld%22:%22cambridge.org%22,%22topUrl%22:%22dictionary.cambridge.org%22,%22version%22:144,%22cw%22:true,%22lsw%22:true,%22origin%22:%22publishertag%22,%22requestId%22:%220.717790465682964%22}:13:3137
r/<@https://gum.criteo.com/syncframe?origin=publishertag&topUrl=dictionary.cambridge.org#{%22uid%22:{%22origin%22:0},%22lwid%22:{%22origin%22:0},%22bundle%22:{%22value%22:%22F48LQV9MdUhXNFloSnZYOWdZJTJCWHIwSTVONDN6S3ZJVlJRTmwyNXhIMllkN2FwUXFTRVNwcjNOcDdSJTJCMmVRdGJ4R0JSZTkzbUR5OTROc3hicVJHV0p3JTJGMEhCVm5UWXlNViUyQkl0JTJGakpwMEolMkZFVmlkZDJ3eHRBSVNrUXUlMkYyYndIQiUyQkFjM3FSZmkyU3hEMXUyWUZvazhyYmNHMW5TSE1PUUlOUjZGZ0JtWk5scmJXJTJCdlJwNnAxa2c1T29tVzUlMkYzNDNyVHFBSw%22,%22origin%22:3},%22optout%22:{%22value%22:false,%22origin%22:0},%22sid%22:{%22origin%22:0},%22tld%22:%22cambridge.org%22,%22topUrl%22:%22dictionary.cambridge.org%22,%22version%22:144,%22cw%22:true,%22lsw%22:true,%22origin%22:%22publishertag%22,%22requestId%22:%220.717790465682964%22}:13:3642

JavaScript warning: https://www.googletagmanager.com/gtag/js?id=G-L9GCR21SZ7, line 536: Script terminated by timeout at:
get@https://www.googletagmanager.com/gtag/js?id=G-L9GCR21SZ7:536:115
stop@https://www.googletagmanager.com/gtag/js?id=G-L9GCR21SZ7:536:87
aa.Pk/c/<@https://www.googletagmanager.com/gtag/js?id=G-L9GCR21SZ7:536:412

console.warn: LoginRecipes: "Falling back to a synchronous message for: https://www.google.com.tw."
console.warn: LoginRecipes: "Falling back to a synchronous message for: https://dictionary.cambridge.org."
JavaScript warning: https://gum.criteo.com/syncframe?origin=publishertag&topUrl=dictionary.cambridge.org#{%22uid%22:{%22origin%22:0},%22lwid%22:{%22origin%22:0},%22bundle%22:{%22value%22:%22q01xp19MdUhXNFloSnZYOWdZJTJCWHIwSTVONCUyQmxnNE91OXlmRlIxcGFEZlhhJTJCQWg5OVBYSEtzOGlMVnBMMEhaS0dKS1hQb09FYUM5bEpFUWRORmZzNXA1clVwd2Zrb2ZQUkZwb2xoeVVCSzR6TG1xTzViQmZxaUE0ZElTQ2dCSEFnWUR2WEMxMGlzZWJEanF6V1JxUlY3cmp0ZVRjcFZhJTJCOEdrNHNZRXk1bkJlRm52dk9wUFg1YjJjWTZuZzNCZTBTRHVtQw%22,%22origin%22:3},%22optout%22:{%22value%22:false,%22origin%22:0},%22sid%22:{%22origin%22:0},%22tld%22:%22cambridge.org%22,%22topUrl%22:%22dictionary.cambridge.org%22,%22version%22:144,%22cw%22:true,%22lsw%22:true,%22origin%22:%22publishertag%22,%22requestId%22:%220.6174802237454423%22}, line 13: Script terminated by timeout at:
r.prototype.flushEventQueue@https://gum.criteo.com/syncframe?origin=publishertag&topUrl=dictionary.cambridge.org#{%22uid%22:{%22origin%22:0},%22lwid%22:{%22origin%22:0},%22bundle%22:{%22value%22:%22q01xp19MdUhXNFloSnZYOWdZJTJCWHIwSTVONCUyQmxnNE91OXlmRlIxcGFEZlhhJTJCQWg5OVBYSEtzOGlMVnBMMEhaS0dKS1hQb09FYUM5bEpFUWRORmZzNXA1clVwd2Zrb2ZQUkZwb2xoeVVCSzR6TG1xTzViQmZxaUE0ZElTQ2dCSEFnWUR2WEMxMGlzZWJEanF6V1JxUlY3cmp0ZVRjcFZhJTJCOEdrNHNZRXk1bkJlRm52dk9wUFg1YjJjWTZuZzNCZTBTRHVtQw%22,%22origin%22:3},%22optout%22:{%22value%22:false,%22origin%22:0},%22sid%22:{%22origin%22:0},%22tld%22:%22cambridge.org%22,%22topUrl%22:%22dictionary.cambridge.org%22,%22version%22:144,%22cw%22:true,%22lsw%22:true,%22origin%22:%22publishertag%22,%22requestId%22:%220.6174802237454423%22}:13:3137
r/<@https://gum.criteo.com/syncframe?origin=publishertag&topUrl=dictionary.cambridge.org#{%22uid%22:{%22origin%22:0},%22lwid%22:{%22origin%22:0},%22bundle%22:{%22value%22:%22q01xp19MdUhXNFloSnZYOWdZJTJCWHIwSTVONCUyQmxnNE91OXlmRlIxcGFEZlhhJTJCQWg5OVBYSEtzOGlMVnBMMEhaS0dKS1hQb09FYUM5bEpFUWRORmZzNXA1clVwd2Zrb2ZQUkZwb2xoeVVCSzR6TG1xTzViQmZxaUE0ZElTQ2dCSEFnWUR2WEMxMGlzZWJEanF6V1JxUlY3cmp0ZVRjcFZhJTJCOEdrNHNZRXk1bkJlRm52dk9wUFg1YjJjWTZuZzNCZTBTRHVtQw%22,%22origin%22:3},%22optout%22:{%22value%22:false,%22origin%22:0},%22sid%22:{%22origin%22:0},%22tld%22:%22cambridge.org%22,%22topUrl%22:%22dictionary.cambridge.org%22,%22version%22:144,%22cw%22:true,%22lsw%22:true,%22origin%22:%22publishertag%22,%22requestId%22:%220.6174802237454423%22}:13:3642

JavaScript warning: https://www.googletagmanager.com/gtag/js?id=G-L9GCR21SZ7, line 536: Script terminated by timeout at:
get@https://www.googletagmanager.com/gtag/js?id=G-L9GCR21SZ7:536:115
stop@https://www.googletagmanager.com/gtag/js?id=G-L9GCR21SZ7:536:87
aa.Pk/c/<@https://www.googletagmanager.com/gtag/js?id=G-L9GCR21SZ7:536:412

JavaScript warning: https://gum.criteo.com/syncframe?origin=publishertag&topUrl=dictionary.cambridge.org#{%22uid%22:{%22origin%22:0},%22lwid%22:{%22origin%22:0},%22bundle%22:{%22value%22:%22q01xp19MdUhXNFloSnZYOWdZJTJCWHIwSTVONCUyQmxnNE91OXlmRlIxcGFEZlhhJTJCQWg5OVBYSEtzOGlMVnBMMEhaS0dKS1hQb09FYUM5bEpFUWRORmZzNXA1clVwd2Zrb2ZQUkZwb2xoeVVCSzR6TG1xTzViQmZxaUE0ZElTQ2dCSEFnWUR2WEMxMGlzZWJEanF6V1JxUlY3cmp0ZVRjcFZhJTJCOEdrNHNZRXk1bkJlRm52dk9wUFg1YjJjWTZuZzNCZTBTRHVtQw%22,%22origin%22:3},%22optout%22:{%22value%22:false,%22origin%22:0},%22sid%22:{%22origin%22:0},%22tld%22:%22cambridge.org%22,%22topUrl%22:%22dictionary.cambridge.org%22,%22version%22:144,%22cw%22:true,%22lsw%22:true,%22origin%22:%22publishertag%22,%22requestId%22:%220.4946025728806003%22}, line 13: Script terminated by timeout at:
r.prototype.flushEventQueue@https://gum.criteo.com/syncframe?origin=publishertag&topUrl=dictionary.cambridge.org#{%22uid%22:{%22origin%22:0},%22lwid%22:{%22origin%22:0},%22bundle%22:{%22value%22:%22q01xp19MdUhXNFloSnZYOWdZJTJCWHIwSTVONCUyQmxnNE91OXlmRlIxcGFEZlhhJTJCQWg5OVBYSEtzOGlMVnBMMEhaS0dKS1hQb09FYUM5bEpFUWRORmZzNXA1clVwd2Zrb2ZQUkZwb2xoeVVCSzR6TG1xTzViQmZxaUE0ZElTQ2dCSEFnWUR2WEMxMGlzZWJEanF6V1JxUlY3cmp0ZVRjcFZhJTJCOEdrNHNZRXk1bkJlRm52dk9wUFg1YjJjWTZuZzNCZTBTRHVtQw%22,%22origin%22:3},%22optout%22:{%22value%22:false,%22origin%22:0},%22sid%22:{%22origin%22:0},%22tld%22:%22cambridge.org%22,%22topUrl%22:%22dictionary.cambridge.org%22,%22version%22:144,%22cw%22:true,%22lsw%22:true,%22origin%22:%22publishertag%22,%22requestId%22:%220.4946025728806003%22}:13:3137
r/<@https://gum.criteo.com/syncframe?origin=publishertag&topUrl=dictionary.cambridge.org#{%22uid%22:{%22origin%22:0},%22lwid%22:{%22origin%22:0},%22bundle%22:{%22value%22:%22q01xp19MdUhXNFloSnZYOWdZJTJCWHIwSTVONCUyQmxnNE91OXlmRlIxcGFEZlhhJTJCQWg5OVBYSEtzOGlMVnBMMEhaS0dKS1hQb09FYUM5bEpFUWRORmZzNXA1clVwd2Zrb2ZQUkZwb2xoeVVCSzR6TG1xTzViQmZxaUE0ZElTQ2dCSEFnWUR2WEMxMGlzZWJEanF6V1JxUlY3cmp0ZVRjcFZhJTJCOEdrNHNZRXk1bkJlRm52dk9wUFg1YjJjWTZuZzNCZTBTRHVtQw%22,%22origin%22:3},%22optout%22:{%22value%22:false,%22origin%22:0},%22sid%22:{%22origin%22:0},%22tld%22:%22cambridge.org%22,%22topUrl%22:%22dictionary.cambridge.org%22,%22version%22:144,%22cw%22:true,%22lsw%22:true,%22origin%22:%22publishertag%22,%22requestId%22:%220.4946025728806003%22}:13:3642

console.warn: LoginRecipes: "Falling back to a synchronous message for: https://www.google.com.tw."
console.warn: LoginRecipes: "Falling back to a synchronous message for: https://dictionary.cambridge.org."
JavaScript warning: https://gum.criteo.com/syncframe?origin=publishertag&topUrl=dictionary.cambridge.org#{%22uid%22:{%22origin%22:0},%22lwid%22:{%22origin%22:0},%22bundle%22:{%22value%22:%22lBruZ19MdUhXNFloSnZYOWdZJTJCWHIwSTVONDFPYjNRZm0zWUF3SnlaMTlnJTJCNWdrVXZXRyUyQmp5czAlMkJEJTJGa1cxaDFWY0RZZk9vM2x5bkVlQ3UlMkJrb0Vmc0gxJTJGOVZMOHJLM2Jub3FtTHlzMWpjRnlhUHhmczdjdDN4dzlOUXlIb0RYTENDV1Y4cmtUQ2l0ZTVnSVlpWmNlbzVsdUxJRUpuZ1psOWJOV1V4MzBMOFdTTTJCdjVibkd0Q1ZxYyUyQmQ1dlpYTEdSRHhn%22,%22origin%22:3},%22optout%22:{%22value%22:false,%22origin%22:0},%22sid%22:{%22origin%22:0},%22tld%22:%22cambridge.org%22,%22topUrl%22:%22dictionary.cambridge.org%22,%22version%22:144,%22cw%22:true,%22lsw%22:true,%22origin%22:%22publishertag%22,%22requestId%22:%220.007242665243740953%22}, line 13: Script terminated by timeout at:
r.prototype.flushEventQueue@https://gum.criteo.com/syncframe?origin=publishertag&topUrl=dictionary.cambridge.org#{%22uid%22:{%22origin%22:0},%22lwid%22:{%22origin%22:0},%22bundle%22:{%22value%22:%22lBruZ19MdUhXNFloSnZYOWdZJTJCWHIwSTVONDFPYjNRZm0zWUF3SnlaMTlnJTJCNWdrVXZXRyUyQmp5czAlMkJEJTJGa1cxaDFWY0RZZk9vM2x5bkVlQ3UlMkJrb0Vmc0gxJTJGOVZMOHJLM2Jub3FtTHlzMWpjRnlhUHhmczdjdDN4dzlOUXlIb0RYTENDV1Y4cmtUQ2l0ZTVnSVlpWmNlbzVsdUxJRUpuZ1psOWJOV1V4MzBMOFdTTTJCdjVibkd0Q1ZxYyUyQmQ1dlpYTEdSRHhn%22,%22origin%22:3},%22optout%22:{%22value%22:false,%22origin%22:0},%22sid%22:{%22origin%22:0},%22tld%22:%22cambridge.org%22,%22topUrl%22:%22dictionary.cambridge.org%22,%22version%22:144,%22cw%22:true,%22lsw%22:true,%22origin%22:%22publishertag%22,%22requestId%22:%220.007242665243740953%22}:13:3137
r/<@https://gum.criteo.com/syncframe?origin=publishertag&topUrl=dictionary.cambridge.org#{%22uid%22:{%22origin%22:0},%22lwid%22:{%22origin%22:0},%22bundle%22:{%22value%22:%22lBruZ19MdUhXNFloSnZYOWdZJTJCWHIwSTVONDFPYjNRZm0zWUF3SnlaMTlnJTJCNWdrVXZXRyUyQmp5czAlMkJEJTJGa1cxaDFWY0RZZk9vM2x5bkVlQ3UlMkJrb0Vmc0gxJTJGOVZMOHJLM2Jub3FtTHlzMWpjRnlhUHhmczdjdDN4dzlOUXlIb0RYTENDV1Y4cmtUQ2l0ZTVnSVlpWmNlbzVsdUxJRUpuZ1psOWJOV1V4MzBMOFdTTTJCdjVibkd0Q1ZxYyUyQmQ1dlpYTEdSRHhn%22,%22origin%22:3},%22optout%22:{%22value%22:false,%22origin%22:0},%22sid%22:{%22origin%22:0},%22tld%22:%22cambridge.org%22,%22topUrl%22:%22dictionary.cambridge.org%22,%22version%22:144,%22cw%22:true,%22lsw%22:true,%22origin%22:%22publishertag%22,%22requestId%22:%220.007242665243740953%22}:13:3642

JavaScript warning: https://www.googletagmanager.com/gtag/js?id=G-L9GCR21SZ7, line 536: Script terminated by timeout at:
get@https://www.googletagmanager.com/gtag/js?id=G-L9GCR21SZ7:536:115
stop@https://www.googletagmanager.com/gtag/js?id=G-L9GCR21SZ7:536:87
aa.Pk/c/<@https://www.googletagmanager.com/gtag/js?id=G-L9GCR21SZ7:536:412

JavaScript warning: https://gum.criteo.com/syncframe?origin=publishertag&topUrl=dictionary.cambridge.org#{%22uid%22:{%22origin%22:0},%22lwid%22:{%22origin%22:0},%22bundle%22:{%22value%22:%22lBruZ19MdUhXNFloSnZYOWdZJTJCWHIwSTVONDFPYjNRZm0zWUF3SnlaMTlnJTJCNWdrVXZXRyUyQmp5czAlMkJEJTJGa1cxaDFWY0RZZk9vM2x5bkVlQ3UlMkJrb0Vmc0gxJTJGOVZMOHJLM2Jub3FtTHlzMWpjRnlhUHhmczdjdDN4dzlOUXlIb0RYTENDV1Y4cmtUQ2l0ZTVnSVlpWmNlbzVsdUxJRUpuZ1psOWJOV1V4MzBMOFdTTTJCdjVibkd0Q1ZxYyUyQmQ1dlpYTEdSRHhn%22,%22origin%22:3},%22optout%22:{%22value%22:false,%22origin%22:0},%22sid%22:{%22origin%22:0},%22tld%22:%22cambridge.org%22,%22topUrl%22:%22dictionary.cambridge.org%22,%22version%22:144,%22cw%22:true,%22lsw%22:true,%22origin%22:%22publishertag%22,%22requestId%22:%220.6236172629547316%22}, line 13: Script terminated by timeout at:
r.prototype.flushEventQueue@https://gum.criteo.com/syncframe?origin=publishertag&topUrl=dictionary.cambridge.org#{%22uid%22:{%22origin%22:0},%22lwid%22:{%22origin%22:0},%22bundle%22:{%22value%22:%22lBruZ19MdUhXNFloSnZYOWdZJTJCWHIwSTVONDFPYjNRZm0zWUF3SnlaMTlnJTJCNWdrVXZXRyUyQmp5czAlMkJEJTJGa1cxaDFWY0RZZk9vM2x5bkVlQ3UlMkJrb0Vmc0gxJTJGOVZMOHJLM2Jub3FtTHlzMWpjRnlhUHhmczdjdDN4dzlOUXlIb0RYTENDV1Y4cmtUQ2l0ZTVnSVlpWmNlbzVsdUxJRUpuZ1psOWJOV1V4MzBMOFdTTTJCdjVibkd0Q1ZxYyUyQmQ1dlpYTEdSRHhn%22,%22origin%22:3},%22optout%22:{%22value%22:false,%22origin%22:0},%22sid%22:{%22origin%22:0},%22tld%22:%22cambridge.org%22,%22topUrl%22:%22dictionary.cambridge.org%22,%22version%22:144,%22cw%22:true,%22lsw%22:true,%22origin%22:%22publishertag%22,%22requestId%22:%220.6236172629547316%22}:13:3137
r/<@https://gum.criteo.com/syncframe?origin=publishertag&topUrl=dictionary.cambridge.org#{%22uid%22:{%22origin%22:0},%22lwid%22:{%22origin%22:0},%22bundle%22:{%22value%22:%22lBruZ19MdUhXNFloSnZYOWdZJTJCWHIwSTVONDFPYjNRZm0zWUF3SnlaMTlnJTJCNWdrVXZXRyUyQmp5czAlMkJEJTJGa1cxaDFWY0RZZk9vM2x5bkVlQ3UlMkJrb0Vmc0gxJTJGOVZMOHJLM2Jub3FtTHlzMWpjRnlhUHhmczdjdDN4dzlOUXlIb0RYTENDV1Y4cmtUQ2l0ZTVnSVlpWmNlbzVsdUxJRUpuZ1psOWJOV1V4MzBMOFdTTTJCdjVibkd0Q1ZxYyUyQmQ1dlpYTEdSRHhn%22,%22origin%22:3},%22optout%22:{%22value%22:false,%22origin%22:0},%22sid%22:{%22origin%22:0},%22tld%22:%22cambridge.org%22,%22topUrl%22:%22dictionary.cambridge.org%22,%22version%22:144,%22cw%22:true,%22lsw%22:true,%22origin%22:%22publishertag%22,%22requestId%22:%220.6236172629547316%22}:13:3642

JavaScript warning: https://ads.pubmatic.com/AdServer/js/user_sync.html?kdntuid=1&p=158679, line 1: Script terminated by timeout at:
aq@https://ads.pubmatic.com/AdServer/js/user_sync.html?kdntuid=1&p=158679:1:10927
x@https://ads.pubmatic.com/AdServer/js/user_sync.html?kdntuid=1&p=158679:1:11245

JavaScript warning: https://eus.rubiconproject.com/usync.js, line 4: Script terminated by timeout at:
saveExpiration@https://eus.rubiconproject.com/usync.js:4:5868
doPixels@https://eus.rubiconproject.com/usync.js:4:9243
runSyncs@https://eus.rubiconproject.com/usync.js:4:14308
checkCookies/<@https://eus.rubiconproject.com/usync.js:4:12732

console.warn: LoginRecipes: "Falling back to a synchronous message for: https://www.google.com.tw."
console.warn: LoginRecipes: "Falling back to a synchronous message for: https://dictionary.cambridge.org."
JavaScript warning: https://gum.criteo.com/syncframe?origin=publishertag&topUrl=dictionary.cambridge.org#{%22uid%22:{%22origin%22:0},%22lwid%22:{%22origin%22:0},%22bundle%22:{%22value%22:%22BqL2HV9MdUhXNFloSnZYOWdZJTJCWHIwSTVONDRpOEhYaVBYZDBMYjlGR3pndiUyQktrU0p5N293ZXBnVGllaWM1c2NYM2ZlWmUxZ2JOWjBuS1JCbXhxV3laT0FtNTZvWVl5NWVxcE5oSkJTNDZrZkN3MjRWeFMzaG9sR2RWZU0xS3QzWmo0Mk5MTFklMkJpbERZZVdNR1R3WEFEU25TbFFWbzBjUkdwM3l3czAzbzZHUFZ2c2dtMVUwbEViSHNRNVZGSmcwRDhORWE%22,%22origin%22:3},%22optout%22:{%22value%22:false,%22origin%22:0},%22sid%22:{%22origin%22:0},%22tld%22:%22cambridge.org%22,%22topUrl%22:%22dictionary.cambridge.org%22,%22version%22:144,%22cw%22:true,%22lsw%22:true,%22origin%22:%22publishertag%22,%22requestId%22:%220.04261718545792115%22}, line 13: Script terminated by timeout at:
r.prototype.flushEventQueue@https://gum.criteo.com/syncframe?origin=publishertag&topUrl=dictionary.cambridge.org#{%22uid%22:{%22origin%22:0},%22lwid%22:{%22origin%22:0},%22bundle%22:{%22value%22:%22BqL2HV9MdUhXNFloSnZYOWdZJTJCWHIwSTVONDRpOEhYaVBYZDBMYjlGR3pndiUyQktrU0p5N293ZXBnVGllaWM1c2NYM2ZlWmUxZ2JOWjBuS1JCbXhxV3laT0FtNTZvWVl5NWVxcE5oSkJTNDZrZkN3MjRWeFMzaG9sR2RWZU0xS3QzWmo0Mk5MTFklMkJpbERZZVdNR1R3WEFEU25TbFFWbzBjUkdwM3l3czAzbzZHUFZ2c2dtMVUwbEViSHNRNVZGSmcwRDhORWE%22,%22origin%22:3},%22optout%22:{%22value%22:false,%22origin%22:0},%22sid%22:{%22origin%22:0},%22tld%22:%22cambridge.org%22,%22topUrl%22:%22dictionary.cambridge.org%22,%22version%22:144,%22cw%22:true,%22lsw%22:true,%22origin%22:%22publishertag%22,%22requestId%22:%220.04261718545792115%22}:13:3137
r/<@https://gum.criteo.com/syncframe?origin=publishertag&topUrl=dictionary.cambridge.org#{%22uid%22:{%22origin%22:0},%22lwid%22:{%22origin%22:0},%22bundle%22:{%22value%22:%22BqL2HV9MdUhXNFloSnZYOWdZJTJCWHIwSTVONDRpOEhYaVBYZDBMYjlGR3pndiUyQktrU0p5N293ZXBnVGllaWM1c2NYM2ZlWmUxZ2JOWjBuS1JCbXhxV3laT0FtNTZvWVl5NWVxcE5oSkJTNDZrZkN3MjRWeFMzaG9sR2RWZU0xS3QzWmo0Mk5MTFklMkJpbERZZVdNR1R3WEFEU25TbFFWbzBjUkdwM3l3czAzbzZHUFZ2c2dtMVUwbEViSHNRNVZGSmcwRDhORWE%22,%22origin%22:3},%22optout%22:{%22value%22:false,%22origin%22:0},%22sid%22:{%22origin%22:0},%22tld%22:%22cambridge.org%22,%22topUrl%22:%22dictionary.cambridge.org%22,%22version%22:144,%22cw%22:true,%22lsw%22:true,%22origin%22:%22publishertag%22,%22requestId%22:%220.04261718545792115%22}:13:3642

JavaScript warning: https://www.googletagmanager.com/gtag/js?id=G-L9GCR21SZ7, line 536: Script terminated by timeout at:
get@https://www.googletagmanager.com/gtag/js?id=G-L9GCR21SZ7:536:115
stop@https://www.googletagmanager.com/gtag/js?id=G-L9GCR21SZ7:536:87
aa.Pk/c/<@https://www.googletagmanager.com/gtag/js?id=G-L9GCR21SZ7:536:412

console.warn: LoginRecipes: "Falling back to a synchronous message for: https://www.google.com.tw."
console.warn: LoginRecipes: "Falling back to a synchronous message for: https://dictionary.cambridge.org."
JavaScript warning: https://gum.criteo.com/syncframe?origin=publishertag&topUrl=dictionary.cambridge.org#{%22uid%22:{%22origin%22:0},%22lwid%22:{%22origin%22:0},%22bundle%22:{%22value%22:%22ktvO6l9MdUhXNFloSnZYOWdZJTJCWHIwSTVONDA4RzE5WU9uazVtJTJGTzJMRmpINEtkcGdZaUd1WWlkYk04ekZyYnkxWm1RZDg4T1ZkQ1JUY0VHMXBGVjFiWG1jcXJWZGJHbm5EVW5jQzBOTVRFNk9MWTdrNExRMXJ1akZDTVY1ZjdTRkV1OHprWHNVbzh1elV4cVJzdDFzOGJoVXdXN0l6SlhLMmVDT3hTZDZzS1ZRRW1adlBkdDFuNXF5d2clMkJtUGhhbWJwSDU%22,%22origin%22:3},%22optout%22:{%22value%22:false,%22origin%22:0},%22sid%22:{%22origin%22:0},%22tld%22:%22cambridge.org%22,%22topUrl%22:%22dictionary.cambridge.org%22,%22version%22:144,%22cw%22:true,%22lsw%22:true,%22origin%22:%22publishertag%22,%22requestId%22:%220.23138838119017124%22}, line 13: Script terminated by timeout at:
r.prototype.flushEventQueue@https://gum.criteo.com/syncframe?origin=publishertag&topUrl=dictionary.cambridge.org#{%22uid%22:{%22origin%22:0},%22lwid%22:{%22origin%22:0},%22bundle%22:{%22value%22:%22ktvO6l9MdUhXNFloSnZYOWdZJTJCWHIwSTVONDA4RzE5WU9uazVtJTJGTzJMRmpINEtkcGdZaUd1WWlkYk04ekZyYnkxWm1RZDg4T1ZkQ1JUY0VHMXBGVjFiWG1jcXJWZGJHbm5EVW5jQzBOTVRFNk9MWTdrNExRMXJ1akZDTVY1ZjdTRkV1OHprWHNVbzh1elV4cVJzdDFzOGJoVXdXN0l6SlhLMmVDT3hTZDZzS1ZRRW1adlBkdDFuNXF5d2clMkJtUGhhbWJwSDU%22,%22origin%22:3},%22optout%22:{%22value%22:false,%22origin%22:0},%22sid%22:{%22origin%22:0},%22tld%22:%22cambridge.org%22,%22topUrl%22:%22dictionary.cambridge.org%22,%22version%22:144,%22cw%22:true,%22lsw%22:true,%22origin%22:%22publishertag%22,%22requestId%22:%220.23138838119017124%22}:13:3137
r/<@https://gum.criteo.com/syncframe?origin=publishertag&topUrl=dictionary.cambridge.org#{%22uid%22:{%22origin%22:0},%22lwid%22:{%22origin%22:0},%22bundle%22:{%22value%22:%22ktvO6l9MdUhXNFloSnZYOWdZJTJCWHIwSTVONDA4RzE5WU9uazVtJTJGTzJMRmpINEtkcGdZaUd1WWlkYk04ekZyYnkxWm1RZDg4T1ZkQ1JUY0VHMXBGVjFiWG1jcXJWZGJHbm5EVW5jQzBOTVRFNk9MWTdrNExRMXJ1akZDTVY1ZjdTRkV1OHprWHNVbzh1elV4cVJzdDFzOGJoVXdXN0l6SlhLMmVDT3hTZDZzS1ZRRW1adlBkdDFuNXF5d2clMkJtUGhhbWJwSDU%22,%22origin%22:3},%22optout%22:{%22value%22:false,%22origin%22:0},%22sid%22:{%22origin%22:0},%22tld%22:%22cambridge.org%22,%22topUrl%22:%22dictionary.cambridge.org%22,%22version%22:144,%22cw%22:true,%22lsw%22:true,%22origin%22:%22publishertag%22,%22requestId%22:%220.23138838119017124%22}:13:3642

console.warn: LoginRecipes: "Falling back to a synchronous message for: https://www.google.com.tw."
console.warn: LoginRecipes: "Falling back to a synchronous message for: https://dictionary.cambridge.org."
JavaScript warning: https://gum.criteo.com/syncframe?origin=publishertag&topUrl=dictionary.cambridge.org#{%22uid%22:{%22origin%22:0},%22lwid%22:{%22origin%22:0},%22bundle%22:{%22value%22:%22itz9p19MdUhXNFloSnZYOWdZJTJCWHIwSTVONHpjVWo1d2h4RE5GZk0lMkZZREN0bWJSeTM0Q0dkb1l1QjRrc1RWNSUyRmhrZzlPckFxNVhMdmVmSktYdlhidVJlJTJCSE5xQzNyRGc3R3ltS2RxeWpQQXhlMnZnU3BpYVUzNmJuc3dveE9ONGlueGNxVmI5dlVna2s5M3ZBZGVDNEIzTjN1UiUyRjdXZTFkJTJCNGl5OSUyQmFncjdUaHNXaGozYUhsTG0zMyUyQldDWmp6JTJCTFh2TUU%22,%22origin%22:3},%22optout%22:{%22value%22:false,%22origin%22:0},%22sid%22:{%22origin%22:0},%22tld%22:%22cambridge.org%22,%22topUrl%22:%22dictionary.cambridge.org%22,%22version%22:144,%22cw%22:true,%22lsw%22:true,%22origin%22:%22publishertag%22,%22requestId%22:%220.5967480536595388%22}, line 13: Script terminated by timeout at:
r.prototype.flushEventQueue@https://gum.criteo.com/syncframe?origin=publishertag&topUrl=dictionary.cambridge.org#{%22uid%22:{%22origin%22:0},%22lwid%22:{%22origin%22:0},%22bundle%22:{%22value%22:%22itz9p19MdUhXNFloSnZYOWdZJTJCWHIwSTVONHpjVWo1d2h4RE5GZk0lMkZZREN0bWJSeTM0Q0dkb1l1QjRrc1RWNSUyRmhrZzlPckFxNVhMdmVmSktYdlhidVJlJTJCSE5xQzNyRGc3R3ltS2RxeWpQQXhlMnZnU3BpYVUzNmJuc3dveE9ONGlueGNxVmI5dlVna2s5M3ZBZGVDNEIzTjN1UiUyRjdXZTFkJTJCNGl5OSUyQmFncjdUaHNXaGozYUhsTG0zMyUyQldDWmp6JTJCTFh2TUU%22,%22origin%22:3},%22optout%22:{%22value%22:false,%22origin%22:0},%22sid%22:{%22origin%22:0},%22tld%22:%22cambridge.org%22,%22topUrl%22:%22dictionary.cambridge.org%22,%22version%22:144,%22cw%22:true,%22lsw%22:true,%22origin%22:%22publishertag%22,%22requestId%22:%220.5967480536595388%22}:13:3137
r/<@https://gum.criteo.com/syncframe?origin=publishertag&topUrl=dictionary.cambridge.org#{%22uid%22:{%22origin%22:0},%22lwid%22:{%22origin%22:0},%22bundle%22:{%22value%22:%22itz9p19MdUhXNFloSnZYOWdZJTJCWHIwSTVONHpjVWo1d2h4RE5GZk0lMkZZREN0bWJSeTM0Q0dkb1l1QjRrc1RWNSUyRmhrZzlPckFxNVhMdmVmSktYdlhidVJlJTJCSE5xQzNyRGc3R3ltS2RxeWpQQXhlMnZnU3BpYVUzNmJuc3dveE9ONGlueGNxVmI5dlVna2s5M3ZBZGVDNEIzTjN1UiUyRjdXZTFkJTJCNGl5OSUyQmFncjdUaHNXaGozYUhsTG0zMyUyQldDWmp6JTJCTFh2TUU%22,%22origin%22:3},%22optout%22:{%22value%22:false,%22origin%22:0},%22sid%22:{%22origin%22:0},%22tld%22:%22cambridge.org%22,%22topUrl%22:%22dictionary.cambridge.org%22,%22version%22:144,%22cw%22:true,%22lsw%22:true,%22origin%22:%22publishertag%22,%22requestId%22:%220.5967480536595388%22}:13:3642

console.warn: LoginRecipes: "Falling back to a synchronous message for: https://www.google.com.tw."
console.warn: LoginRecipes: "Falling back to a synchronous message for: https://dictionary.cambridge.org."
JavaScript warning: https://gum.criteo.com/syncframe?origin=publishertag&topUrl=dictionary.cambridge.org#{%22uid%22:{%22origin%22:0},%22lwid%22:{%22origin%22:0},%22bundle%22:{%22value%22:%22F6D0_V9MdUhXNFloSnZYOWdZJTJCWHIwSTVONDdXVFR1JTJCNzQxWHRudVh2amdUWVg3djR5aVU2NmI2dWJWYTc0Sm05dFl6QW5GRVk3ejFYNFpEMnRzdWhkOTVUM3M1aEJEamxvVXNRSHlkJTJCb3B0TDNnektvNHBVaEElMkJ1bDV0REVMdHo4ZWtCRTN6Q2tEQ2cwWlVYb2U0M3VUNERHbzhGVXZMVHZPYmh5eXhUNjczOUo1OG1JMmVSMCUyRnphaEFhWllZZDdwV3NR%22,%22origin%22:3},%22optout%22:{%22value%22:false,%22origin%22:0},%22sid%22:{%22origin%22:0},%22tld%22:%22cambridge.org%22,%22topUrl%22:%22dictionary.cambridge.org%22,%22version%22:144,%22cw%22:true,%22lsw%22:true,%22origin%22:%22publishertag%22,%22requestId%22:%220.9006513028305726%22}, line 13: Script terminated by timeout at:
r.prototype.flushEventQueue@https://gum.criteo.com/syncframe?origin=publishertag&topUrl=dictionary.cambridge.org#{%22uid%22:{%22origin%22:0},%22lwid%22:{%22origin%22:0},%22bundle%22:{%22value%22:%22F6D0_V9MdUhXNFloSnZYOWdZJTJCWHIwSTVONDdXVFR1JTJCNzQxWHRudVh2amdUWVg3djR5aVU2NmI2dWJWYTc0Sm05dFl6QW5GRVk3ejFYNFpEMnRzdWhkOTVUM3M1aEJEamxvVXNRSHlkJTJCb3B0TDNnektvNHBVaEElMkJ1bDV0REVMdHo4ZWtCRTN6Q2tEQ2cwWlVYb2U0M3VUNERHbzhGVXZMVHZPYmh5eXhUNjczOUo1OG1JMmVSMCUyRnphaEFhWllZZDdwV3NR%22,%22origin%22:3},%22optout%22:{%22value%22:false,%22origin%22:0},%22sid%22:{%22origin%22:0},%22tld%22:%22cambridge.org%22,%22topUrl%22:%22dictionary.cambridge.org%22,%22version%22:144,%22cw%22:true,%22lsw%22:true,%22origin%22:%22publishertag%22,%22requestId%22:%220.9006513028305726%22}:13:3137
r/<@https://gum.criteo.com/syncframe?origin=publishertag&topUrl=dictionary.cambridge.org#{%22uid%22:{%22origin%22:0},%22lwid%22:{%22origin%22:0},%22bundle%22:{%22value%22:%22F6D0_V9MdUhXNFloSnZYOWdZJTJCWHIwSTVONDdXVFR1JTJCNzQxWHRudVh2amdUWVg3djR5aVU2NmI2dWJWYTc0Sm05dFl6QW5GRVk3ejFYNFpEMnRzdWhkOTVUM3M1aEJEamxvVXNRSHlkJTJCb3B0TDNnektvNHBVaEElMkJ1bDV0REVMdHo4ZWtCRTN6Q2tEQ2cwWlVYb2U0M3VUNERHbzhGVXZMVHZPYmh5eXhUNjczOUo1OG1JMmVSMCUyRnphaEFhWllZZDdwV3NR%22,%22origin%22:3},%22optout%22:{%22value%22:false,%22origin%22:0},%22sid%22:{%22origin%22:0},%22tld%22:%22cambridge.org%22,%22topUrl%22:%22dictionary.cambridge.org%22,%22version%22:144,%22cw%22:true,%22lsw%22:true,%22origin%22:%22publishertag%22,%22requestId%22:%220.9006513028305726%22}:13:3642

JavaScript warning: https://www.googletagmanager.com/gtag/js?id=G-L9GCR21SZ7, line 536: Script terminated by timeout at:
get@https://www.googletagmanager.com/gtag/js?id=G-L9GCR21SZ7:536:115
stop@https://www.googletagmanager.com/gtag/js?id=G-L9GCR21SZ7:536:87
aa.Pk/c/<@https://www.googletagmanager.com/gtag/js?id=G-L9GCR21SZ7:536:412

JavaScript warning: https://gum.criteo.com/syncframe?origin=publishertag&topUrl=dictionary.cambridge.org#{%22uid%22:{%22origin%22:0},%22lwid%22:{%22origin%22:0},%22bundle%22:{%22value%22:%22F6D0_V9MdUhXNFloSnZYOWdZJTJCWHIwSTVONDdXVFR1JTJCNzQxWHRudVh2amdUWVg3djR5aVU2NmI2dWJWYTc0Sm05dFl6QW5GRVk3ejFYNFpEMnRzdWhkOTVUM3M1aEJEamxvVXNRSHlkJTJCb3B0TDNnektvNHBVaEElMkJ1bDV0REVMdHo4ZWtCRTN6Q2tEQ2cwWlVYb2U0M3VUNERHbzhGVXZMVHZPYmh5eXhUNjczOUo1OG1JMmVSMCUyRnphaEFhWllZZDdwV3NR%22,%22origin%22:3},%22optout%22:{%22value%22:false,%22origin%22:0},%22sid%22:{%22origin%22:0},%22tld%22:%22cambridge.org%22,%22topUrl%22:%22dictionary.cambridge.org%22,%22version%22:144,%22cw%22:true,%22lsw%22:true,%22origin%22:%22publishertag%22,%22requestId%22:%220.18506187290348364%22}, line 13: Script terminated by timeout at:
r.prototype.flushEventQueue@https://gum.criteo.com/syncframe?origin=publishertag&topUrl=dictionary.cambridge.org#{%22uid%22:{%22origin%22:0},%22lwid%22:{%22origin%22:0},%22bundle%22:{%22value%22:%22F6D0_V9MdUhXNFloSnZYOWdZJTJCWHIwSTVONDdXVFR1JTJCNzQxWHRudVh2amdUWVg3djR5aVU2NmI2dWJWYTc0Sm05dFl6QW5GRVk3ejFYNFpEMnRzdWhkOTVUM3M1aEJEamxvVXNRSHlkJTJCb3B0TDNnektvNHBVaEElMkJ1bDV0REVMdHo4ZWtCRTN6Q2tEQ2cwWlVYb2U0M3VUNERHbzhGVXZMVHZPYmh5eXhUNjczOUo1OG1JMmVSMCUyRnphaEFhWllZZDdwV3NR%22,%22origin%22:3},%22optout%22:{%22value%22:false,%22origin%22:0},%22sid%22:{%22origin%22:0},%22tld%22:%22cambridge.org%22,%22topUrl%22:%22dictionary.cambridge.org%22,%22version%22:144,%22cw%22:true,%22lsw%22:true,%22origin%22:%22publishertag%22,%22requestId%22:%220.18506187290348364%22}:13:3137
r/<@https://gum.criteo.com/syncframe?origin=publishertag&topUrl=dictionary.cambridge.org#{%22uid%22:{%22origin%22:0},%22lwid%22:{%22origin%22:0},%22bundle%22:{%22value%22:%22F6D0_V9MdUhXNFloSnZYOWdZJTJCWHIwSTVONDdXVFR1JTJCNzQxWHRudVh2amdUWVg3djR5aVU2NmI2dWJWYTc0Sm05dFl6QW5GRVk3ejFYNFpEMnRzdWhkOTVUM3M1aEJEamxvVXNRSHlkJTJCb3B0TDNnektvNHBVaEElMkJ1bDV0REVMdHo4ZWtCRTN6Q2tEQ2cwWlVYb2U0M3VUNERHbzhGVXZMVHZPYmh5eXhUNjczOUo1OG1JMmVSMCUyRnphaEFhWllZZDdwV3NR%22,%22origin%22:3},%22optout%22:{%22value%22:false,%22origin%22:0},%22sid%22:{%22origin%22:0},%22tld%22:%22cambridge.org%22,%22topUrl%22:%22dictionary.cambridge.org%22,%22version%22:144,%22cw%22:true,%22lsw%22:true,%22origin%22:%22publishertag%22,%22requestId%22:%220.18506187290348364%22}:13:3642

console.warn: LoginRecipes: "Falling back to a synchronous message for: https://www.google.com.tw."
console.warn: LoginRecipes: "Falling back to a synchronous message for: https://dictionary.cambridge.org."
JavaScript warning: https://gum.criteo.com/syncframe?origin=publishertag&topUrl=dictionary.cambridge.org#{%22uid%22:{%22origin%22:0},%22lwid%22:{%22origin%22:0},%22bundle%22:{%22value%22:%22fmyg9l9MdUhXNFloSnZYOWdZJTJCWHIwSTVONDB6SENLME9wVWZhUHAlMkJKbjRFMjNKMXlBNmRvQ3A2JTJCSUNZWDhMV2dUMWFIbWF4NVZ1WHpQV3VwRVJsaTVuU0FOMjhtMG9rRiUyQiUyRkdGOGZjOUIlMkJZMGU3S3VHa2VJUnVLclVKMnZCRVFTS0dlVm8zNlhieURxellXOVZKbEVtMHB0YWhrUiUyQmdVQ1c1ZFlPQ2RpNW5Ob2hJMmJwVzYwSnFnTXVNcTlNb2pXYVolMkZB%22,%22origin%22:3},%22optout%22:{%22value%22:false,%22origin%22:0},%22sid%22:{%22origin%22:0},%22tld%22:%22cambridge.org%22,%22topUrl%22:%22dictionary.cambridge.org%22,%22version%22:144,%22cw%22:true,%22lsw%22:true,%22origin%22:%22publishertag%22,%22requestId%22:%220.4499976179531695%22}, line 13: Script terminated by timeout at:
r.prototype.flushEventQueue@https://gum.criteo.com/syncframe?origin=publishertag&topUrl=dictionary.cambridge.org#{%22uid%22:{%22origin%22:0},%22lwid%22:{%22origin%22:0},%22bundle%22:{%22value%22:%22fmyg9l9MdUhXNFloSnZYOWdZJTJCWHIwSTVONDB6SENLME9wVWZhUHAlMkJKbjRFMjNKMXlBNmRvQ3A2JTJCSUNZWDhMV2dUMWFIbWF4NVZ1WHpQV3VwRVJsaTVuU0FOMjhtMG9rRiUyQiUyRkdGOGZjOUIlMkJZMGU3S3VHa2VJUnVLclVKMnZCRVFTS0dlVm8zNlhieURxellXOVZKbEVtMHB0YWhrUiUyQmdVQ1c1ZFlPQ2RpNW5Ob2hJMmJwVzYwSnFnTXVNcTlNb2pXYVolMkZB%22,%22origin%22:3},%22optout%22:{%22value%22:false,%22origin%22:0},%22sid%22:{%22origin%22:0},%22tld%22:%22cambridge.org%22,%22topUrl%22:%22dictionary.cambridge.org%22,%22version%22:144,%22cw%22:true,%22lsw%22:true,%22origin%22:%22publishertag%22,%22requestId%22:%220.4499976179531695%22}:13:3137
r/<@https://gum.criteo.com/syncframe?origin=publishertag&topUrl=dictionary.cambridge.org#{%22uid%22:{%22origin%22:0},%22lwid%22:{%22origin%22:0},%22bundle%22:{%22value%22:%22fmyg9l9MdUhXNFloSnZYOWdZJTJCWHIwSTVONDB6SENLME9wVWZhUHAlMkJKbjRFMjNKMXlBNmRvQ3A2JTJCSUNZWDhMV2dUMWFIbWF4NVZ1WHpQV3VwRVJsaTVuU0FOMjhtMG9rRiUyQiUyRkdGOGZjOUIlMkJZMGU3S3VHa2VJUnVLclVKMnZCRVFTS0dlVm8zNlhieURxellXOVZKbEVtMHB0YWhrUiUyQmdVQ1c1ZFlPQ2RpNW5Ob2hJMmJwVzYwSnFnTXVNcTlNb2pXYVolMkZB%22,%22origin%22:3},%22optout%22:{%22value%22:false,%22origin%22:0},%22sid%22:{%22origin%22:0},%22tld%22:%22cambridge.org%22,%22topUrl%22:%22dictionary.cambridge.org%22,%22version%22:144,%22cw%22:true,%22lsw%22:true,%22origin%22:%22publishertag%22,%22requestId%22:%220.4499976179531695%22}:13:3642

JavaScript warning: https://www.googletagmanager.com/gtag/js?id=G-L9GCR21SZ7, line 168: Script terminated by timeout at:
Qa@https://www.googletagmanager.com/gtag/js?id=G-L9GCR21SZ7:168:437
dk@https://www.googletagmanager.com/gtag/js?id=G-L9GCR21SZ7:309:258
Wl@https://www.googletagmanager.com/gtag/js?id=G-L9GCR21SZ7:326:610
nG/<@https://www.googletagmanager.com/gtag/js?id=G-L9GCR21SZ7:587:178
aa.Pk/<@https://www.googletagmanager.com/gtag/js?id=G-L9GCR21SZ7:537:126
aa.Pk/c/<@https://www.googletagmanager.com/gtag/js?id=G-L9GCR21SZ7:536:420

JavaScript warning: https://www.googletagservices.com/activeview/js/current/ufs_web_display.js?cache=r20110914, line 137: Script terminated by timeout at:
n.clearTimeout@https://www.googletagservices.com/activeview/js/current/ufs_web_display.js?cache=r20110914:137:565
n.clearTimeout@https://www.googletagservices.com/activeview/js/current/ufs_web_display.js?cache=r20110914:136:663
Wf/</<@https://www.googletagservices.com/activeview/js/current/ufs_web_display.js?cache=r20110914:121:217
I.prototype.unsubscribe@https://www.googletagservices.com/activeview/js/current/ufs_web_display.js?cache=r20110914:71:264
I.prototype.unsubscribe@https://www.googletagservices.com/activeview/js/current/ufs_web_display.js?cache=r20110914:71:392
n.unsubscribe@https://www.googletagservices.com/activeview/js/current/ufs_web_display.js?cache=r20110914:74:177
I.prototype.unsubscribe@https://www.googletagservices.com/activeview/js/current/ufs_web_display.js?cache=r20110914:71:392
n.unsubscribe@https://www.googletagservices.com/activeview/js/current/ufs_web_display.js?cache=r20110914:74:177
n.ta@https://www.googletagservices.com/activeview/js/current/ufs_web_display.js?cache=r20110914:99:308
Zc.prototype.o@https://www.googletagservices.com/activeview/js/current/ufs_web_display.js?cache=r20110914:88:1342
n.next@https://www.googletagservices.com/activeview/js/current/ufs_web_display.js?cache=r20110914:73:859
Oc.prototype.o@https://www.googletagservices.com/activeview/js/current/ufs_web_display.js?cache=r20110914:86:601
n.next@https://www.googletagservices.com/activeview/js/current/ufs_web_display.js?cache=r20110914:73:859
Oc.prototype.o@https://www.googletagservices.com/activeview/js/current/ufs_web_display.js?cache=r20110914:86:601
n.next@https://www.googletagservices.com/activeview/js/current/ufs_web_display.js?cache=r20110914:73:859
Rh/c/</</<@https://www.googletagservices.com/activeview/js/current/ufs_web_display.js?cache=r20110914:150:320
Va@https://www.googletagservices.com/activeview/js/current/ufs_web_display.js?cache=r20110914:45:339
Sa.prototype.flush@https://www.googletagservices.com/activeview/js/current/ufs_web_display.js?cache=r20110914:45:127
Ua@https://www.googletagservices.com/activeview/js/current/ufs_web_display.js?cache=r20110914:44:466
Rh/c/</<@https://www.googletagservices.com/activeview/js/current/ufs_web_display.js?cache=r20110914:150:292
n.Hd@https://www.googletagservices.com/activeview/js/current/ufs_web_display.js?cache=r20110914:76:425
n.next@https://www.googletagservices.com/activeview/js/current/ufs_web_display.js?cache=r20110914:75:439
n.o@https://www.googletagservices.com/activeview/js/current/ufs_web_display.js?cache=r20110914:74:223
n.next@https://www.googletagservices.com/activeview/js/current/ufs_web_display.js?cache=r20110914:73:859
Xg/</</</<@https://www.googletagservices.com/activeview/js/current/ufs_web_display.js?cache=r20110914:136:237
Ra.prototype.Zb/<@https://www.googletagservices.com/activeview/js/current/ufs_web_display.js?cache=r20110914:44:298
Xg/</</<@https://www.googletagservices.com/activeview/js/current/ufs_web_display.js?cache=r20110914:136:246
n.Hd@https://www.googletagservices.com/activeview/js/current/ufs_web_display.js?cache=r20110914:76:425
n.next@https://www.googletagservices.com/activeview/js/current/ufs_web_display.js?cache=r20110914:75:439
n.o@https://www.googletagservices.com/activeview/js/current/ufs_web_display.js?cache=r20110914:74:223
n.next@https://www.googletagservices.com/activeview/js/current/ufs_web_display.js?cache=r20110914:73:859
Xg/</</</<@https://www.googletagservices.com/activeview/js/current/ufs_web_display.js?cache=r20110914:136:237
Ra.prototype.Zb/<@https://www.googletagservices.com/activeview/js/current/ufs_web_display.js?cache=r20110914:44:298
Xg/</</<@https://www.googletagservices.com/activeview/js/current/ufs_web_display.js?cache=r20110914:136:246
n.Hd@https://www.googletagservices.com/activeview/js/current/ufs_web_display.js?cache=r20110914:76:425
n.next@https://www.googletagservices.com/activeview/js/current/ufs_web_display.js?cache=r20110914:75:439
n.o@https://www.googletagservices.com/activeview/js/current/ufs_web_display.js?cache=r20110914:74:223
n.next@https://www.googletagservices.com/activeview/js/current/ufs_web_display.js?cache=r20110914:73:859
qd/</<@https://www.googletagservices.com/activeview/js/current/ufs_web_display.js?cache=r20110914:94:671

JavaScript warning: https://gum.criteo.com/syncframe?origin=publishertag&topUrl=dictionary.cambridge.org#{%22uid%22:{%22origin%22:0},%22lwid%22:{%22origin%22:0},%22bundle%22:{%22value%22:%22fmyg9l9MdUhXNFloSnZYOWdZJTJCWHIwSTVONDB6SENLME9wVWZhUHAlMkJKbjRFMjNKMXlBNmRvQ3A2JTJCSUNZWDhMV2dUMWFIbWF4NVZ1WHpQV3VwRVJsaTVuU0FOMjhtMG9rRiUyQiUyRkdGOGZjOUIlMkJZMGU3S3VHa2VJUnVLclVKMnZCRVFTS0dlVm8zNlhieURxellXOVZKbEVtMHB0YWhrUiUyQmdVQ1c1ZFlPQ2RpNW5Ob2hJMmJwVzYwSnFnTXVNcTlNb2pXYVolMkZB%22,%22origin%22:3},%22optout%22:{%22value%22:false,%22origin%22:0},%22sid%22:{%22origin%22:0},%22tld%22:%22cambridge.org%22,%22topUrl%22:%22dictionary.cambridge.org%22,%22version%22:144,%22cw%22:true,%22lsw%22:true,%22origin%22:%22publishertag%22,%22requestId%22:%220.8150225450844598%22}, line 13: Script terminated by timeout at:
r.prototype.flushEventQueue@https://gum.criteo.com/syncframe?origin=publishertag&topUrl=dictionary.cambridge.org#{%22uid%22:{%22origin%22:0},%22lwid%22:{%22origin%22:0},%22bundle%22:{%22value%22:%22fmyg9l9MdUhXNFloSnZYOWdZJTJCWHIwSTVONDB6SENLME9wVWZhUHAlMkJKbjRFMjNKMXlBNmRvQ3A2JTJCSUNZWDhMV2dUMWFIbWF4NVZ1WHpQV3VwRVJsaTVuU0FOMjhtMG9rRiUyQiUyRkdGOGZjOUIlMkJZMGU3S3VHa2VJUnVLclVKMnZCRVFTS0dlVm8zNlhieURxellXOVZKbEVtMHB0YWhrUiUyQmdVQ1c1ZFlPQ2RpNW5Ob2hJMmJwVzYwSnFnTXVNcTlNb2pXYVolMkZB%22,%22origin%22:3},%22optout%22:{%22value%22:false,%22origin%22:0},%22sid%22:{%22origin%22:0},%22tld%22:%22cambridge.org%22,%22topUrl%22:%22dictionary.cambridge.org%22,%22version%22:144,%22cw%22:true,%22lsw%22:true,%22origin%22:%22publishertag%22,%22requestId%22:%220.8150225450844598%22}:13:3137
r/<@https://gum.criteo.com/syncframe?origin=publishertag&topUrl=dictionary.cambridge.org#{%22uid%22:{%22origin%22:0},%22lwid%22:{%22origin%22:0},%22bundle%22:{%22value%22:%22fmyg9l9MdUhXNFloSnZYOWdZJTJCWHIwSTVONDB6SENLME9wVWZhUHAlMkJKbjRFMjNKMXlBNmRvQ3A2JTJCSUNZWDhMV2dUMWFIbWF4NVZ1WHpQV3VwRVJsaTVuU0FOMjhtMG9rRiUyQiUyRkdGOGZjOUIlMkJZMGU3S3VHa2VJUnVLclVKMnZCRVFTS0dlVm8zNlhieURxellXOVZKbEVtMHB0YWhrUiUyQmdVQ1c1ZFlPQ2RpNW5Ob2hJMmJwVzYwSnFnTXVNcTlNb2pXYVolMkZB%22,%22origin%22:3},%22optout%22:{%22value%22:false,%22origin%22:0},%22sid%22:{%22origin%22:0},%22tld%22:%22cambridge.org%22,%22topUrl%22:%22dictionary.cambridge.org%22,%22version%22:144,%22cw%22:true,%22lsw%22:true,%22origin%22:%22publishertag%22,%22requestId%22:%220.8150225450844598%22}:13:3642

console.warn: LoginRecipes: "Falling back to a synchronous message for: https://www.google.com.tw."
console.warn: LoginRecipes: "Falling back to a synchronous message for: https://dictionary.cambridge.org."
JavaScript warning: https://gum.criteo.com/syncframe?origin=publishertag&topUrl=dictionary.cambridge.org#{%22uid%22:{%22origin%22:0},%22lwid%22:{%22origin%22:0},%22bundle%22:{%22value%22:%22z8-zP19MdUhXNFloSnZYOWdZJTJCWHIwSTVONDNSOW80NGhnaUxOYmtJVDRTNU9OWmUwJTJCZ3clMkZmbnpKSGluOTdQQmZDa1pkTGpSZ1hacTl4NG9oUk5lNEZwaDNEZmVyT242ZHNVUzRmY2ZtYXN0Z2xUdTclMkZySWxUQXF2T1pTNjUyaE9samtlZDN5ZHlMTzZTTG5RNXNDWllFMmE1SkNSYTJrdlQ5QiUyQlc2ZWFCMTRhZWI3dkt2ZjVFbVRhcE1IeGxrNVgwN2Fx%22,%22origin%22:3},%22optout%22:{%22value%22:false,%22origin%22:0},%22sid%22:{%22origin%22:0},%22tld%22:%22cambridge.org%22,%22topUrl%22:%22dictionary.cambridge.org%22,%22version%22:144,%22cw%22:true,%22lsw%22:true,%22origin%22:%22publishertag%22,%22requestId%22:%220.4524023176810539%22}, line 13: Script terminated by timeout at:
r.prototype.flushEventQueue@https://gum.criteo.com/syncframe?origin=publishertag&topUrl=dictionary.cambridge.org#{%22uid%22:{%22origin%22:0},%22lwid%22:{%22origin%22:0},%22bundle%22:{%22value%22:%22z8-zP19MdUhXNFloSnZYOWdZJTJCWHIwSTVONDNSOW80NGhnaUxOYmtJVDRTNU9OWmUwJTJCZ3clMkZmbnpKSGluOTdQQmZDa1pkTGpSZ1hacTl4NG9oUk5lNEZwaDNEZmVyT242ZHNVUzRmY2ZtYXN0Z2xUdTclMkZySWxUQXF2T1pTNjUyaE9samtlZDN5ZHlMTzZTTG5RNXNDWllFMmE1SkNSYTJrdlQ5QiUyQlc2ZWFCMTRhZWI3dkt2ZjVFbVRhcE1IeGxrNVgwN2Fx%22,%22origin%22:3},%22optout%22:{%22value%22:false,%22origin%22:0},%22sid%22:{%22origin%22:0},%22tld%22:%22cambridge.org%22,%22topUrl%22:%22dictionary.cambridge.org%22,%22version%22:144,%22cw%22:true,%22lsw%22:true,%22origin%22:%22publishertag%22,%22requestId%22:%220.4524023176810539%22}:13:3137
r/<@https://gum.criteo.com/syncframe?origin=publishertag&topUrl=dictionary.cambridge.org#{%22uid%22:{%22origin%22:0},%22lwid%22:{%22origin%22:0},%22bundle%22:{%22value%22:%22z8-zP19MdUhXNFloSnZYOWdZJTJCWHIwSTVONDNSOW80NGhnaUxOYmtJVDRTNU9OWmUwJTJCZ3clMkZmbnpKSGluOTdQQmZDa1pkTGpSZ1hacTl4NG9oUk5lNEZwaDNEZmVyT242ZHNVUzRmY2ZtYXN0Z2xUdTclMkZySWxUQXF2T1pTNjUyaE9samtlZDN5ZHlMTzZTTG5RNXNDWllFMmE1SkNSYTJrdlQ5QiUyQlc2ZWFCMTRhZWI3dkt2ZjVFbVRhcE1IeGxrNVgwN2Fx%22,%22origin%22:3},%22optout%22:{%22value%22:false,%22origin%22:0},%22sid%22:{%22origin%22:0},%22tld%22:%22cambridge.org%22,%22topUrl%22:%22dictionary.cambridge.org%22,%22version%22:144,%22cw%22:true,%22lsw%22:true,%22origin%22:%22publishertag%22,%22requestId%22:%220.4524023176810539%22}:13:3642

JavaScript warning: https://www.googletagmanager.com/gtag/js?id=G-L9GCR21SZ7, line 536: Script terminated by timeout at:
get@https://www.googletagmanager.com/gtag/js?id=G-L9GCR21SZ7:536:115
stop@https://www.googletagmanager.com/gtag/js?id=G-L9GCR21SZ7:536:87
aa.Pk/c/<@https://www.googletagmanager.com/gtag/js?id=G-L9GCR21SZ7:536:412

JavaScript warning: https://gum.criteo.com/syncframe?origin=publishertag&topUrl=dictionary.cambridge.org#{%22uid%22:{%22origin%22:0},%22lwid%22:{%22origin%22:0},%22bundle%22:{%22value%22:%22z8-zP19MdUhXNFloSnZYOWdZJTJCWHIwSTVONDNSOW80NGhnaUxOYmtJVDRTNU9OWmUwJTJCZ3clMkZmbnpKSGluOTdQQmZDa1pkTGpSZ1hacTl4NG9oUk5lNEZwaDNEZmVyT242ZHNVUzRmY2ZtYXN0Z2xUdTclMkZySWxUQXF2T1pTNjUyaE9samtlZDN5ZHlMTzZTTG5RNXNDWllFMmE1SkNSYTJrdlQ5QiUyQlc2ZWFCMTRhZWI3dkt2ZjVFbVRhcE1IeGxrNVgwN2Fx%22,%22origin%22:3},%22optout%22:{%22value%22:false,%22origin%22:0},%22sid%22:{%22origin%22:0},%22tld%22:%22cambridge.org%22,%22topUrl%22:%22dictionary.cambridge.org%22,%22version%22:144,%22cw%22:true,%22lsw%22:true,%22origin%22:%22publishertag%22,%22requestId%22:%220.17912036556177313%22}, line 13: Script terminated by timeout at:
r.prototype.flushEventQueue@https://gum.criteo.com/syncframe?origin=publishertag&topUrl=dictionary.cambridge.org#{%22uid%22:{%22origin%22:0},%22lwid%22:{%22origin%22:0},%22bundle%22:{%22value%22:%22z8-zP19MdUhXNFloSnZYOWdZJTJCWHIwSTVONDNSOW80NGhnaUxOYmtJVDRTNU9OWmUwJTJCZ3clMkZmbnpKSGluOTdQQmZDa1pkTGpSZ1hacTl4NG9oUk5lNEZwaDNEZmVyT242ZHNVUzRmY2ZtYXN0Z2xUdTclMkZySWxUQXF2T1pTNjUyaE9samtlZDN5ZHlMTzZTTG5RNXNDWllFMmE1SkNSYTJrdlQ5QiUyQlc2ZWFCMTRhZWI3dkt2ZjVFbVRhcE1IeGxrNVgwN2Fx%22,%22origin%22:3},%22optout%22:{%22value%22:false,%22origin%22:0},%22sid%22:{%22origin%22:0},%22tld%22:%22cambridge.org%22,%22topUrl%22:%22dictionary.cambridge.org%22,%22version%22:144,%22cw%22:true,%22lsw%22:true,%22origin%22:%22publishertag%22,%22requestId%22:%220.17912036556177313%22}:13:3137
r/<@https://gum.criteo.com/syncframe?origin=publishertag&topUrl=dictionary.cambridge.org#{%22uid%22:{%22origin%22:0},%22lwid%22:{%22origin%22:0},%22bundle%22:{%22value%22:%22z8-zP19MdUhXNFloSnZYOWdZJTJCWHIwSTVONDNSOW80NGhnaUxOYmtJVDRTNU9OWmUwJTJCZ3clMkZmbnpKSGluOTdQQmZDa1pkTGpSZ1hacTl4NG9oUk5lNEZwaDNEZmVyT242ZHNVUzRmY2ZtYXN0Z2xUdTclMkZySWxUQXF2T1pTNjUyaE9samtlZDN5ZHlMTzZTTG5RNXNDWllFMmE1SkNSYTJrdlQ5QiUyQlc2ZWFCMTRhZWI3dkt2ZjVFbVRhcE1IeGxrNVgwN2Fx%22,%22origin%22:3},%22optout%22:{%22value%22:false,%22origin%22:0},%22sid%22:{%22origin%22:0},%22tld%22:%22cambridge.org%22,%22topUrl%22:%22dictionary.cambridge.org%22,%22version%22:144,%22cw%22:true,%22lsw%22:true,%22origin%22:%22publishertag%22,%22requestId%22:%220.17912036556177313%22}:13:3642

console.warn: LoginRecipes: "Falling back to a synchronous message for: https://www.google.com.tw."
console.warn: LoginRecipes: "Falling back to a synchronous message for: https://dictionary.cambridge.org."
JavaScript warning: https://gum.criteo.com/syncframe?origin=publishertag&topUrl=dictionary.cambridge.org#{%22uid%22:{%22origin%22:0},%22lwid%22:{%22origin%22:0},%22bundle%22:{%22value%22:%22g9OJNF9MdUhXNFloSnZYOWdZJTJCWHIwSTVONDlTaERXJTJCWUZHM1ZYTVE4enVnZU1VSWZneFpiUmJPNm5sb28xaEU0aVN4OXB3anJ4QkN3ZVJZQXozdnJYZGVobSUyQkxQSDZTS3hFJTJGNnNmUFFMWkVDUnY3SE53ME9hSXFyekRNZTdNTkNDaWhzcUw4ZUxsYlhqZFRQRkJLdTJDanFMdFNGbWlYeDFocXZCcXJmZ3dLTjZkeG40Mnc3OFklMkZYJTJGakoxd0tTdUtqbjg%22,%22origin%22:3},%22optout%22:{%22value%22:false,%22origin%22:0},%22sid%22:{%22origin%22:0},%22tld%22:%22cambridge.org%22,%22topUrl%22:%22dictionary.cambridge.org%22,%22version%22:144,%22cw%22:true,%22lsw%22:true,%22origin%22:%22publishertag%22,%22requestId%22:%220.018021504586343107%22}, line 13: Script terminated by timeout at:
r.prototype.flushEventQueue@https://gum.criteo.com/syncframe?origin=publishertag&topUrl=dictionary.cambridge.org#{%22uid%22:{%22origin%22:0},%22lwid%22:{%22origin%22:0},%22bundle%22:{%22value%22:%22g9OJNF9MdUhXNFloSnZYOWdZJTJCWHIwSTVONDlTaERXJTJCWUZHM1ZYTVE4enVnZU1VSWZneFpiUmJPNm5sb28xaEU0aVN4OXB3anJ4QkN3ZVJZQXozdnJYZGVobSUyQkxQSDZTS3hFJTJGNnNmUFFMWkVDUnY3SE53ME9hSXFyekRNZTdNTkNDaWhzcUw4ZUxsYlhqZFRQRkJLdTJDanFMdFNGbWlYeDFocXZCcXJmZ3dLTjZkeG40Mnc3OFklMkZYJTJGakoxd0tTdUtqbjg%22,%22origin%22:3},%22optout%22:{%22value%22:false,%22origin%22:0},%22sid%22:{%22origin%22:0},%22tld%22:%22cambridge.org%22,%22topUrl%22:%22dictionary.cambridge.org%22,%22version%22:144,%22cw%22:true,%22lsw%22:true,%22origin%22:%22publishertag%22,%22requestId%22:%220.018021504586343107%22}:13:3137
r/<@https://gum.criteo.com/syncframe?origin=publishertag&topUrl=dictionary.cambridge.org#{%22uid%22:{%22origin%22:0},%22lwid%22:{%22origin%22:0},%22bundle%22:{%22value%22:%22g9OJNF9MdUhXNFloSnZYOWdZJTJCWHIwSTVONDlTaERXJTJCWUZHM1ZYTVE4enVnZU1VSWZneFpiUmJPNm5sb28xaEU0aVN4OXB3anJ4QkN3ZVJZQXozdnJYZGVobSUyQkxQSDZTS3hFJTJGNnNmUFFMWkVDUnY3SE53ME9hSXFyekRNZTdNTkNDaWhzcUw4ZUxsYlhqZFRQRkJLdTJDanFMdFNGbWlYeDFocXZCcXJmZ3dLTjZkeG40Mnc3OFklMkZYJTJGakoxd0tTdUtqbjg%22,%22origin%22:3},%22optout%22:{%22value%22:false,%22origin%22:0},%22sid%22:{%22origin%22:0},%22tld%22:%22cambridge.org%22,%22topUrl%22:%22dictionary.cambridge.org%22,%22version%22:144,%22cw%22:true,%22lsw%22:true,%22origin%22:%22publishertag%22,%22requestId%22:%220.018021504586343107%22}:13:3642

JavaScript warning: https://www.googletagmanager.com/gtag/js?id=G-L9GCR21SZ7, line 536: Script terminated by timeout at:
get@https://www.googletagmanager.com/gtag/js?id=G-L9GCR21SZ7:536:115
stop@https://www.googletagmanager.com/gtag/js?id=G-L9GCR21SZ7:536:87
aa.Pk/c/<@https://www.googletagmanager.com/gtag/js?id=G-L9GCR21SZ7:536:412

console.warn: LoginRecipes: "Falling back to a synchronous message for: https://www.google.com.tw."
JavaScript warning: https://www.gstatic.com/_/mss/boq-search/_/js/k=boq-search.VisualFrontendUi.zh_TW.MqUg2MYH7jE.es5.O/am=BAIAgAABAAAAAAAAAAAAAAAAAABwgM___0_2e-UQABdO8P_______6sIEtPPegcGEKgDHQB2fMQGAKAAEACHQhwdiEAFgNADggAAlhpQjCoAAAS8wUcJIAASAAACQACABwEAAPQIBgTgL0AAAIDAGQECBAAAAEA4zQMGBAAAAAAAAAAAABAERQwAAAAAAAAAAACAADQJ/d=1/excm=_b,_tp,searchview/ed=1/dg=0/wt=2/ujg=1/rs=AH7-fg7UpnFhtyypjcD9_gYL1ZAeOB7ItQ/m=_b,_tp, line 401: Script terminated by timeout at:
b@https://www.gstatic.com/_/mss/boq-search/_/js/k=boq-search.VisualFrontendUi.zh_TW.MqUg2MYH7jE.es5.O/am=BAIAgAABAAAAAAAAAAAAAAAAAABwgM___0_2e-UQABdO8P_______6sIEtPPegcGEKgDHQB2fMQGAKAAEACHQhwdiEAFgNADggAAlhpQjCoAAAS8wUcJIAASAAACQACABwEAAPQIBgTgL0AAAIDAGQECBAAAAEA4zQMGBAAAAAAAAAAAABAERQwAAAAAAAAAAACAADQJ/d=1/excm=_b,_tp,searchview/ed=1/dg=0/wt=2/ujg=1/rs=AH7-fg7UpnFhtyypjcD9_gYL1ZAeOB7ItQ/m=_b,_tp:401:40

1705940522761	Marionette	INFO	Stopped listening on port 50961
Dynamically enable window occlusion 1
!!! error running onStopped callback: TypeError: callback is not a function
1705940549478	geckodriver	INFO	Listening on 127.0.0.1:53909
1705940552508	mozrunner::runner	INFO	Running command: "C:\\Program Files\\Mozilla Firefox\\firefox.exe" "--marionette" "--remote-debugging-port" "53910" "--remote-allow-hosts" "localhost" "-no-remote" "-profile" "C:\\Users\\HSIAOS~1\\AppData\\Local\\Temp\\rust_mozprofile6C6S4P"
console.warn: services.settings: Ignoring preference override of remote settings server
console.warn: services.settings: Allow by setting MOZ_REMOTE_SETTINGS_DEVTOOLS=1 in the environment
1705940552908	Marionette	INFO	Marionette enabled
Dynamically enable window occlusion 0
1705940553019	Marionette	INFO	Listening on port 53981
WebDriver BiDi listening on ws://127.0.0.1:53910
Read port: 53981
1705940553184	RemoteAgent	WARN	TLS certificate errors will be ignored for this session
DevTools listening on ws://127.0.0.1:53910/devtools/browser/0f814faa-6cb2-4b16-acca-5c0289358f09
console.warn: LoginRecipes: "Falling back to a synchronous message for: https://dictionary.cambridge.org."
Marionette threw an error: TypeError: browsingContext.currentWindowGlobal is null
getMarionetteCommandsActorProxy/get/<@chrome://remote/content/marionette/actors/MarionetteCommandsParent.sys.mjs:360:17
observe@resource://gre/modules/AsyncShutdown.sys.mjs:573:17

console.error: "Marionette threw an error: TypeError: browsingContext.currentWindowGlobal is null\ngetMarionetteCommandsActorProxy/get/<@chrome://remote/content/marionette/actors/MarionetteCommandsParent.sys.mjs:360:17\nobserve@resource://gre/modules/AsyncShutdown.sys.mjs:573:17\n"
1705940559281	Marionette	INFO	Stopped listening on port 53981
Dynamically enable window occlusion 1
!!! error running onStopped callback: TypeError: callback is not a function
1705943336027	geckodriver	INFO	Listening on 127.0.0.1:51124
1705943339040	mozrunner::runner	INFO	Running command: "C:\\Program Files\\Mozilla Firefox\\firefox.exe" "--marionette" "--remote-debugging-port" "51125" "--remote-allow-hosts" "localhost" "-no-remote" "-profile" "C:\\Users\\HSIAOS~1\\AppData\\Local\\Temp\\rust_mozprofileZV1Yae"
console.warn: services.settings: Ignoring preference override of remote settings server
console.warn: services.settings: Allow by setting MOZ_REMOTE_SETTINGS_DEVTOOLS=1 in the environment
1705943339498	Marionette	INFO	Marionette enabled
Dynamically enable window occlusion 0
1705943339630	Marionette	INFO	Listening on port 51195
WebDriver BiDi listening on ws://127.0.0.1:51125
Read port: 51195
1705943339816	RemoteAgent	WARN	TLS certificate errors will be ignored for this session
DevTools listening on ws://127.0.0.1:51125/devtools/browser/fb39c81b-7c31-4e17-b54c-f3950780d9ab
1705943342137	Marionette	INFO	Stopped listening on port 51195
Dynamically enable window occlusion 1
!!! error running onStopped callback: TypeError: callback is not a function
